worker:NOT IN CCD D12
worker:NOT IN CCD D10
worker:NOT IN CCD 8K6
worker:NOT IN CCD HEX
worker:NOT IN CCD 6PH
worker:NOT IN CCD HEM
worker:NOT IN CCD 8PE
worker:NOT IN CCD CN5
worker:NOT IN CCD UQ6
worker:NOT IN CCD 7PH
worker:NOT IN CCD FES
worker:NOT IN CCD 9PE
worker:NOT IN CCD CN3
worker:NOT IN CCD HEA
worker:NOT IN CCD CUA
worker:NOT IN CCD D12
worker:NOT IN CCD D10
worker:NOT IN CCD 8K6
worker:NOT IN CCD HEX
worker:NOT IN CCD 6PH
worker:NOT IN CCD HEM
worker:NOT IN CCD 8PE
worker:NOT IN CCD CN5
worker:NOT IN CCD UQ6
worker:NOT IN CCD 7PH
worker:NOT IN CCD FES
worker:NOT IN CCD 9PE
worker:NOT IN CCD CN3
worker:NOT IN CCD HEA
worker:NOT IN CCD CUA
