extracting_IDs:NAG
extracting_IDs:PC1
external_mapping_from_cif:('EMD-3061', 'PC1', '83718', 'CCD')
write_chebi_map:EMD-3061	PC1	83718	CCD

external_mapping_from_cif:('EMD-3061', 'NAG', 'CHEMBL447878', 'CCD')
external_mapping_from_cif:('EMD-3061', 'NAG', '28009', 'CCD')
write_chembl_map:EMD-3061	NAG	CHEMBL447878	CCD

write_chebi_map:EMD-3061	NAG	28009	CCD

write_chebi_map:EMD-3061	PC1	83718	CCD

extracting_IDs:ZN
extracting_IDs:I3P
external_mapping_from_cif:('EMD-7981', 'ZN', 'CHEMBL1236970', 'CCD')
external_mapping_from_cif:('EMD-7981', 'ZN', 'DB14532', 'CCD')
external_mapping_from_cif:('EMD-7981', 'ZN', '29105', 'CCD')
write_chembl_map:EMD-3061	NAG	CHEMBL447878	CCD

write_chembl_map:EMD-7981	ZN	CHEMBL1236970	CCD

write_chebi_map:EMD-3061	NAG	28009	CCD

write_chebi_map:EMD-3061	PC1	83718	CCD

write_chebi_map:EMD-7981	ZN	29105	CCD

write_drugbank_map:EMD-7981	ZN	DB14532	CCD

external_mapping_from_cif:('EMD-7981', 'I3P', 'CHEMBL279107', 'CCD')
external_mapping_from_cif:('EMD-7981', 'I3P', 'DB03401', 'CCD')
external_mapping_from_cif:('EMD-7981', 'I3P', '16595', 'CCD')
write_chembl_map:EMD-3061	NAG	CHEMBL447878	CCD

write_chembl_map:EMD-7981	I3P	CHEMBL279107	CCD

write_chembl_map:EMD-7981	ZN	CHEMBL1236970	CCD

write_chebi_map:EMD-7981	I3P	16595	CCD

write_chebi_map:EMD-3061	NAG	28009	CCD

write_chebi_map:EMD-3061	PC1	83718	CCD

write_chebi_map:EMD-7981	ZN	29105	CCD

write_drugbank_map:EMD-7981	ZN	DB14532	CCD

write_drugbank_map:EMD-7981	I3P	DB03401	CCD

extracting_IDs:CA
extracting_IDs:D12
extracting_IDs:D10
extracting_IDs:8K6
extracting_IDs:HEX
external_mapping_from_cif:('EMD-8959', 'HEX', 'CHEMBL15939', 'CCD')
external_mapping_from_cif:('EMD-8959', 'HEX', '29021', 'CCD')
write_chembl_map:EMD-3061	NAG	CHEMBL447878	CCD

write_chembl_map:EMD-8959	HEX	CHEMBL15939	CCD

write_chembl_map:EMD-7981	I3P	CHEMBL279107	CCD

write_chembl_map:EMD-7981	ZN	CHEMBL1236970	CCD

write_chebi_map:EMD-7981	I3P	16595	CCD

write_chebi_map:EMD-3061	NAG	28009	CCD

write_chebi_map:EMD-8959	HEX	29021	CCD

write_chebi_map:EMD-3061	PC1	83718	CCD

write_chebi_map:EMD-7981	ZN	29105	CCD

write_drugbank_map:EMD-7981	ZN	DB14532	CCD

write_drugbank_map:EMD-7981	I3P	DB03401	CCD

external_mapping_from_cif:('EMD-8959', '8K6', '32926', 'CCD')
write_chembl_map:EMD-3061	NAG	CHEMBL447878	CCD

write_chembl_map:EMD-8959	HEX	CHEMBL15939	CCD

write_chembl_map:EMD-7981	I3P	CHEMBL279107	CCD

write_chembl_map:EMD-7981	ZN	CHEMBL1236970	CCD

write_chebi_map:EMD-7981	I3P	16595	CCD

write_chebi_map:EMD-3061	NAG	28009	CCD

write_chebi_map:EMD-8959	HEX	29021	CCD

write_chebi_map:EMD-3061	PC1	83718	CCD

write_chebi_map:EMD-8959	8K6	32926	CCD

write_chebi_map:EMD-7981	ZN	29105	CCD

write_drugbank_map:EMD-7981	ZN	DB14532	CCD

write_drugbank_map:EMD-7981	I3P	DB03401	CCD

external_mapping_from_cif:('EMD-8959', 'D10', 'CHEMBL134537', 'CCD')
external_mapping_from_cif:('EMD-8959', 'D10', '41808', 'CCD')
write_chembl_map:EMD-3061	NAG	CHEMBL447878	CCD

write_chembl_map:EMD-7981	I3P	CHEMBL279107	CCD

write_chembl_map:EMD-7981	ZN	CHEMBL1236970	CCD

write_chembl_map:EMD-8959	D10	CHEMBL134537	CCD

write_chembl_map:EMD-8959	HEX	CHEMBL15939	CCD

write_chebi_map:EMD-7981	I3P	16595	CCD

write_chebi_map:EMD-3061	NAG	28009	CCD

write_chebi_map:EMD-8959	D10	41808	CCD

write_chebi_map:EMD-8959	HEX	29021	CCD

write_chebi_map:EMD-3061	PC1	83718	CCD

write_chebi_map:EMD-8959	8K6	32926	CCD

write_chebi_map:EMD-7981	ZN	29105	CCD

write_drugbank_map:EMD-7981	ZN	DB14532	CCD

write_drugbank_map:EMD-7981	I3P	DB03401	CCD

external_mapping_from_cif:('EMD-8959', 'CA', 'DB14577', 'CCD')
external_mapping_from_cif:('EMD-8959', 'CA', '29108', 'CCD')
write_chembl_map:EMD-3061	NAG	CHEMBL447878	CCD

write_chembl_map:EMD-7981	I3P	CHEMBL279107	CCD

write_chembl_map:EMD-7981	ZN	CHEMBL1236970	CCD

write_chembl_map:EMD-8959	D10	CHEMBL134537	CCD

write_chembl_map:EMD-8959	HEX	CHEMBL15939	CCD

write_chebi_map:EMD-8959	CA	29108	CCD

write_chebi_map:EMD-7981	I3P	16595	CCD

write_chebi_map:EMD-3061	NAG	28009	CCD

write_chebi_map:EMD-8959	D10	41808	CCD

write_chebi_map:EMD-8959	HEX	29021	CCD

write_chebi_map:EMD-3061	PC1	83718	CCD

write_chebi_map:EMD-8959	8K6	32926	CCD

write_chebi_map:EMD-7981	ZN	29105	CCD

write_drugbank_map:EMD-7981	ZN	DB14532	CCD

write_drugbank_map:EMD-7981	I3P	DB03401	CCD

write_drugbank_map:EMD-8959	CA	DB14577	CCD

external_mapping_from_cif:('EMD-8959', 'D12', 'CHEMBL30959', 'CCD')
external_mapping_from_cif:('EMD-8959', 'D12', '28817', 'CCD')
write_chembl_map:EMD-3061	NAG	CHEMBL447878	CCD

write_chembl_map:EMD-8959	D12	CHEMBL30959	CCD

write_chembl_map:EMD-7981	I3P	CHEMBL279107	CCD

write_chembl_map:EMD-7981	ZN	CHEMBL1236970	CCD

write_chembl_map:EMD-8959	D10	CHEMBL134537	CCD

write_chembl_map:EMD-8959	HEX	CHEMBL15939	CCD

write_chebi_map:EMD-8959	CA	29108	CCD

write_chebi_map:EMD-7981	I3P	16595	CCD

write_chebi_map:EMD-3061	NAG	28009	CCD

write_chebi_map:EMD-8959	D10	41808	CCD

write_chebi_map:EMD-8959	HEX	29021	CCD

write_chebi_map:EMD-3061	PC1	83718	CCD

write_chebi_map:EMD-8959	8K6	32926	CCD

write_chebi_map:EMD-8959	D12	28817	CCD

write_chebi_map:EMD-7981	ZN	29105	CCD

write_drugbank_map:EMD-7981	ZN	DB14532	CCD

write_drugbank_map:EMD-7981	I3P	DB03401	CCD

write_drugbank_map:EMD-8959	CA	DB14577	CCD

extracting_IDs:NAG
extracting_IDs:PC1
external_mapping_from_cif:('EMD-3061', 'PC1', '83718', 'CCD')
write_chebi_map:EMD-3061	PC1	83718	CCD

external_mapping_from_cif:('EMD-3061', 'NAG', 'CHEMBL447878', 'CCD')
external_mapping_from_cif:('EMD-3061', 'NAG', '28009', 'CCD')
write_chembl_map:EMD-3061	NAG	CHEMBL447878	CCD

write_chebi_map:EMD-3061	PC1	83718	CCD

write_chebi_map:EMD-3061	NAG	28009	CCD

extracting_IDs:ZN
extracting_IDs:I3P
external_mapping_from_cif:('EMD-7981', 'I3P', 'CHEMBL279107', 'CCD')
external_mapping_from_cif:('EMD-7981', 'I3P', 'DB03401', 'CCD')
external_mapping_from_cif:('EMD-7981', 'I3P', '16595', 'CCD')
write_chembl_map:EMD-3061	NAG	CHEMBL447878	CCD

write_chembl_map:EMD-7981	I3P	CHEMBL279107	CCD

write_chebi_map:EMD-3061	PC1	83718	CCD

write_chebi_map:EMD-3061	NAG	28009	CCD

write_chebi_map:EMD-7981	I3P	16595	CCD

write_drugbank_map:EMD-7981	I3P	DB03401	CCD

external_mapping_from_cif:('EMD-7981', 'ZN', 'CHEMBL1236970', 'CCD')
external_mapping_from_cif:('EMD-7981', 'ZN', 'DB14532', 'CCD')
external_mapping_from_cif:('EMD-7981', 'ZN', '29105', 'CCD')
write_chembl_map:EMD-3061	NAG	CHEMBL447878	CCD

write_chembl_map:EMD-7981	I3P	CHEMBL279107	CCD

write_chembl_map:EMD-7981	ZN	CHEMBL1236970	CCD

write_chebi_map:EMD-3061	PC1	83718	CCD

write_chebi_map:EMD-3061	NAG	28009	CCD

write_chebi_map:EMD-7981	I3P	16595	CCD

write_chebi_map:EMD-7981	ZN	29105	CCD

write_drugbank_map:EMD-7981	ZN	DB14532	CCD

write_drugbank_map:EMD-7981	I3P	DB03401	CCD

extracting_IDs:CA
extracting_IDs:D12
extracting_IDs:D10
extracting_IDs:8K6
extracting_IDs:HEX
external_mapping_from_cif:('EMD-8959', 'HEX', 'CHEMBL15939', 'CCD')
external_mapping_from_cif:('EMD-8959', 'HEX', '29021', 'CCD')
write_chembl_map:EMD-3061	NAG	CHEMBL447878	CCD

write_chembl_map:EMD-7981	I3P	CHEMBL279107	CCD

write_chembl_map:EMD-8959	HEX	CHEMBL15939	CCD

write_chembl_map:EMD-7981	ZN	CHEMBL1236970	CCD

write_chebi_map:EMD-3061	PC1	83718	CCD

write_chebi_map:EMD-7981	ZN	29105	CCD

write_chebi_map:EMD-7981	I3P	16595	CCD

write_chebi_map:EMD-3061	NAG	28009	CCD

write_chebi_map:EMD-8959	HEX	29021	CCD

write_drugbank_map:EMD-7981	ZN	DB14532	CCD

write_drugbank_map:EMD-7981	I3P	DB03401	CCD

external_mapping_from_cif:('EMD-8959', 'CA', 'DB14577', 'CCD')
external_mapping_from_cif:('EMD-8959', 'CA', '29108', 'CCD')
write_chembl_map:EMD-3061	NAG	CHEMBL447878	CCD

write_chembl_map:EMD-7981	I3P	CHEMBL279107	CCD

write_chembl_map:EMD-8959	HEX	CHEMBL15939	CCD

write_chembl_map:EMD-7981	ZN	CHEMBL1236970	CCD

write_chebi_map:EMD-3061	PC1	83718	CCD

write_chebi_map:EMD-7981	ZN	29105	CCD

write_chebi_map:EMD-8959	CA	29108	CCD

write_chebi_map:EMD-7981	I3P	16595	CCD

write_chebi_map:EMD-3061	NAG	28009	CCD

write_chebi_map:EMD-8959	HEX	29021	CCD

write_drugbank_map:EMD-7981	ZN	DB14532	CCD

write_drugbank_map:EMD-8959	CA	DB14577	CCD

write_drugbank_map:EMD-7981	I3P	DB03401	CCD

external_mapping_from_cif:('EMD-8959', 'D12', 'CHEMBL30959', 'CCD')
external_mapping_from_cif:('EMD-8959', 'D12', '28817', 'CCD')
write_chembl_map:EMD-3061	NAG	CHEMBL447878	CCD

write_chembl_map:EMD-7981	I3P	CHEMBL279107	CCD

write_chembl_map:EMD-8959	D12	CHEMBL30959	CCD

write_chembl_map:EMD-7981	ZN	CHEMBL1236970	CCD

write_chembl_map:EMD-8959	HEX	CHEMBL15939	CCD

write_chebi_map:EMD-3061	PC1	83718	CCD

write_chebi_map:EMD-7981	ZN	29105	CCD

write_chebi_map:EMD-8959	CA	29108	CCD

write_chebi_map:EMD-7981	I3P	16595	CCD

write_chebi_map:EMD-3061	NAG	28009	CCD

write_chebi_map:EMD-8959	D12	28817	CCD

write_chebi_map:EMD-8959	HEX	29021	CCD

write_drugbank_map:EMD-7981	ZN	DB14532	CCD

write_drugbank_map:EMD-8959	CA	DB14577	CCD

write_drugbank_map:EMD-7981	I3P	DB03401	CCD

external_mapping_from_cif:('EMD-8959', 'D10', 'CHEMBL134537', 'CCD')
external_mapping_from_cif:('EMD-8959', 'D10', '41808', 'CCD')
write_chembl_map:EMD-3061	NAG	CHEMBL447878	CCD

write_chembl_map:EMD-7981	I3P	CHEMBL279107	CCD

write_chembl_map:EMD-8959	D12	CHEMBL30959	CCD

write_chembl_map:EMD-7981	ZN	CHEMBL1236970	CCD

write_chembl_map:EMD-8959	D10	CHEMBL134537	CCD

write_chembl_map:EMD-8959	HEX	CHEMBL15939	CCD

write_chebi_map:EMD-3061	PC1	83718	CCD

write_chebi_map:EMD-7981	ZN	29105	CCD

write_chebi_map:EMD-8959	CA	29108	CCD

write_chebi_map:EMD-7981	I3P	16595	CCD

write_chebi_map:EMD-3061	NAG	28009	CCD

write_chebi_map:EMD-8959	D12	28817	CCD

write_chebi_map:EMD-8959	D10	41808	CCD

write_chebi_map:EMD-8959	HEX	29021	CCD

write_drugbank_map:EMD-7981	ZN	DB14532	CCD

write_drugbank_map:EMD-8959	CA	DB14577	CCD

write_drugbank_map:EMD-7981	I3P	DB03401	CCD

external_mapping_from_cif:('EMD-8959', '8K6', '32926', 'CCD')
write_chembl_map:EMD-3061	NAG	CHEMBL447878	CCD

write_chembl_map:EMD-7981	I3P	CHEMBL279107	CCD

write_chembl_map:EMD-8959	D12	CHEMBL30959	CCD

write_chembl_map:EMD-7981	ZN	CHEMBL1236970	CCD

write_chembl_map:EMD-8959	D10	CHEMBL134537	CCD

write_chembl_map:EMD-8959	HEX	CHEMBL15939	CCD

write_chebi_map:EMD-3061	PC1	83718	CCD

write_chebi_map:EMD-7981	ZN	29105	CCD

write_chebi_map:EMD-8959	CA	29108	CCD

write_chebi_map:EMD-7981	I3P	16595	CCD

write_chebi_map:EMD-3061	NAG	28009	CCD

write_chebi_map:EMD-8959	D12	28817	CCD

write_chebi_map:EMD-8959	8K6	32926	CCD

write_chebi_map:EMD-8959	D10	41808	CCD

write_chebi_map:EMD-8959	HEX	29021	CCD

write_drugbank_map:EMD-7981	ZN	DB14532	CCD

write_drugbank_map:EMD-8959	CA	DB14577	CCD

write_drugbank_map:EMD-7981	I3P	DB03401	CCD

extracting_IDs:ATP
extracting_IDs:MG
extracting_IDs:ADP
external_mapping_from_cif:('EMD-0669', 'MG', 'DB01378', 'CCD')
external_mapping_from_cif:('EMD-0669', 'MG', '18420', 'CCD')
write_chembl_map:EMD-3061	NAG	CHEMBL447878	CCD

write_chembl_map:EMD-7981	I3P	CHEMBL279107	CCD

write_chembl_map:EMD-8959	D12	CHEMBL30959	CCD

write_chembl_map:EMD-7981	ZN	CHEMBL1236970	CCD

write_chembl_map:EMD-8959	D10	CHEMBL134537	CCD

write_chembl_map:EMD-8959	HEX	CHEMBL15939	CCD

write_chebi_map:EMD-3061	PC1	83718	CCD

write_chebi_map:EMD-7981	ZN	29105	CCD

write_chebi_map:EMD-8959	CA	29108	CCD

write_chebi_map:EMD-7981	I3P	16595	CCD

write_chebi_map:EMD-3061	NAG	28009	CCD

write_chebi_map:EMD-8959	D12	28817	CCD

write_chebi_map:EMD-0669	MG	18420	CCD

write_chebi_map:EMD-8959	8K6	32926	CCD

write_chebi_map:EMD-8959	D10	41808	CCD

write_chebi_map:EMD-8959	HEX	29021	CCD

write_drugbank_map:EMD-0669	MG	DB01378	CCD

write_drugbank_map:EMD-7981	ZN	DB14532	CCD

write_drugbank_map:EMD-8959	CA	DB14577	CCD

write_drugbank_map:EMD-7981	I3P	DB03401	CCD

external_mapping_from_cif:('EMD-0669', 'ADP', 'CHEMBL14830', 'CCD')
external_mapping_from_cif:('EMD-0669', 'ADP', '16761', 'CCD')
write_chembl_map:EMD-3061	NAG	CHEMBL447878	CCD

write_chembl_map:EMD-7981	I3P	CHEMBL279107	CCD

write_chembl_map:EMD-8959	D12	CHEMBL30959	CCD

write_chembl_map:EMD-7981	ZN	CHEMBL1236970	CCD

write_chembl_map:EMD-0669	ADP	CHEMBL14830	CCD

write_chembl_map:EMD-8959	D10	CHEMBL134537	CCD

write_chembl_map:EMD-8959	HEX	CHEMBL15939	CCD

write_chebi_map:EMD-3061	PC1	83718	CCD

write_chebi_map:EMD-7981	ZN	29105	CCD

write_chebi_map:EMD-8959	CA	29108	CCD

write_chebi_map:EMD-0669	ADP	16761	CCD

write_chebi_map:EMD-7981	I3P	16595	CCD

write_chebi_map:EMD-3061	NAG	28009	CCD

write_chebi_map:EMD-8959	D12	28817	CCD

write_chebi_map:EMD-0669	MG	18420	CCD

write_chebi_map:EMD-8959	8K6	32926	CCD

write_chebi_map:EMD-8959	D10	41808	CCD

write_chebi_map:EMD-8959	HEX	29021	CCD

write_drugbank_map:EMD-0669	MG	DB01378	CCD

write_drugbank_map:EMD-7981	ZN	DB14532	CCD

write_drugbank_map:EMD-8959	CA	DB14577	CCD

write_drugbank_map:EMD-7981	I3P	DB03401	CCD

external_mapping_from_cif:('EMD-0669', 'ATP', 'CHEMBL14249', 'CCD')
external_mapping_from_cif:('EMD-0669', 'ATP', 'DB00171', 'CCD')
external_mapping_from_cif:('EMD-0669', 'ATP', '15422', 'CCD')
write_chembl_map:EMD-3061	NAG	CHEMBL447878	CCD

write_chembl_map:EMD-7981	I3P	CHEMBL279107	CCD

write_chembl_map:EMD-8959	D12	CHEMBL30959	CCD

write_chembl_map:EMD-7981	ZN	CHEMBL1236970	CCD

write_chembl_map:EMD-0669	ADP	CHEMBL14830	CCD

write_chembl_map:EMD-8959	D10	CHEMBL134537	CCD

write_chembl_map:EMD-0669	ATP	CHEMBL14249	CCD

write_chembl_map:EMD-8959	HEX	CHEMBL15939	CCD

write_chebi_map:EMD-3061	PC1	83718	CCD

write_chebi_map:EMD-7981	ZN	29105	CCD

write_chebi_map:EMD-8959	CA	29108	CCD

write_chebi_map:EMD-0669	ATP	15422	CCD

write_chebi_map:EMD-0669	ADP	16761	CCD

write_chebi_map:EMD-7981	I3P	16595	CCD

write_chebi_map:EMD-3061	NAG	28009	CCD

write_chebi_map:EMD-8959	D12	28817	CCD

write_chebi_map:EMD-0669	MG	18420	CCD

write_chebi_map:EMD-8959	8K6	32926	CCD

write_chebi_map:EMD-8959	D10	41808	CCD

write_chebi_map:EMD-8959	HEX	29021	CCD

write_drugbank_map:EMD-0669	ATP	DB00171	CCD

write_drugbank_map:EMD-0669	MG	DB01378	CCD

write_drugbank_map:EMD-8959	CA	DB14577	CCD

write_drugbank_map:EMD-7981	ZN	DB14532	CCD

write_drugbank_map:EMD-7981	I3P	DB03401	CCD

external_mapping_from_cif:('EMD-3542', 'GTP', 'CHEMBL1233147', 'CCD')
external_mapping_from_cif:('EMD-3542', 'GTP', 'DB04137', 'CCD')
external_mapping_from_cif:('EMD-3542', 'GTP', '15996', 'CCD')
write_chembl_map:EMD-3061	NAG	CHEMBL447878	CCD

write_chembl_map:EMD-7981	I3P	CHEMBL279107	CCD

write_chembl_map:EMD-8959	D12	CHEMBL30959	CCD

write_chembl_map:EMD-7981	ZN	CHEMBL1236970	CCD

write_chembl_map:EMD-0669	ADP	CHEMBL14830	CCD

write_chembl_map:EMD-3542	GTP	CHEMBL1233147	CCD

write_chembl_map:EMD-8959	D10	CHEMBL134537	CCD

write_chembl_map:EMD-0669	ATP	CHEMBL14249	CCD

write_chembl_map:EMD-8959	HEX	CHEMBL15939	CCD

write_chebi_map:EMD-3061	PC1	83718	CCD

write_chebi_map:EMD-7981	ZN	29105	CCD

write_chebi_map:EMD-8959	CA	29108	CCD

write_chebi_map:EMD-0669	ATP	15422	CCD

write_chebi_map:EMD-0669	ADP	16761	CCD

write_chebi_map:EMD-7981	I3P	16595	CCD

write_chebi_map:EMD-3061	NAG	28009	CCD

write_chebi_map:EMD-8959	D12	28817	CCD

write_chebi_map:EMD-0669	MG	18420	CCD

write_chebi_map:EMD-3542	GTP	15996	CCD

write_chebi_map:EMD-8959	8K6	32926	CCD

write_chebi_map:EMD-8959	D10	41808	CCD

write_chebi_map:EMD-8959	HEX	29021	CCD

write_drugbank_map:EMD-3542	GTP	DB04137	CCD

write_drugbank_map:EMD-0669	ATP	DB00171	CCD

write_drugbank_map:EMD-0669	MG	DB01378	CCD

write_drugbank_map:EMD-8959	CA	DB14577	CCD

write_drugbank_map:EMD-7981	ZN	DB14532	CCD

write_drugbank_map:EMD-7981	I3P	DB03401	CCD

external_mapping_from_cif:('EMD-3542', 'MG', 'DB01378', 'CCD')
external_mapping_from_cif:('EMD-3542', 'MG', '18420', 'CCD')
write_chembl_map:EMD-3061	NAG	CHEMBL447878	CCD

write_chembl_map:EMD-7981	I3P	CHEMBL279107	CCD

write_chembl_map:EMD-8959	D12	CHEMBL30959	CCD

write_chembl_map:EMD-7981	ZN	CHEMBL1236970	CCD

write_chembl_map:EMD-0669	ADP	CHEMBL14830	CCD

write_chembl_map:EMD-3542	GTP	CHEMBL1233147	CCD

write_chembl_map:EMD-8959	D10	CHEMBL134537	CCD

write_chembl_map:EMD-0669	ATP	CHEMBL14249	CCD

write_chembl_map:EMD-8959	HEX	CHEMBL15939	CCD

write_chebi_map:EMD-3061	PC1	83718	CCD

write_chebi_map:EMD-7981	ZN	29105	CCD

write_chebi_map:EMD-8959	CA	29108	CCD

write_chebi_map:EMD-0669	ATP	15422	CCD

write_chebi_map:EMD-0669	ADP	16761	CCD

write_chebi_map:EMD-7981	I3P	16595	CCD

write_chebi_map:EMD-3061	NAG	28009	CCD

write_chebi_map:EMD-8959	D12	28817	CCD

write_chebi_map:EMD-0669	MG	18420	CCD

write_chebi_map:EMD-3542	MG	18420	CCD

write_chebi_map:EMD-3542	GTP	15996	CCD

write_chebi_map:EMD-8959	8K6	32926	CCD

write_chebi_map:EMD-8959	D10	41808	CCD

write_chebi_map:EMD-8959	HEX	29021	CCD

write_drugbank_map:EMD-3542	GTP	DB04137	CCD

write_drugbank_map:EMD-3542	MG	DB01378	CCD

write_drugbank_map:EMD-0669	ATP	DB00171	CCD

write_drugbank_map:EMD-0669	MG	DB01378	CCD

write_drugbank_map:EMD-8959	CA	DB14577	CCD

write_drugbank_map:EMD-7981	ZN	DB14532	CCD

write_drugbank_map:EMD-7981	I3P	DB03401	CCD

external_mapping_from_cif:('EMD-3542', 'ZN', 'CHEMBL1236970', 'CCD')
external_mapping_from_cif:('EMD-3542', 'ZN', 'DB14532', 'CCD')
external_mapping_from_cif:('EMD-3542', 'ZN', '29105', 'CCD')
write_chembl_map:EMD-3061	NAG	CHEMBL447878	CCD

write_chembl_map:EMD-7981	I3P	CHEMBL279107	CCD

write_chembl_map:EMD-8959	D12	CHEMBL30959	CCD

write_chembl_map:EMD-3542	ZN	CHEMBL1236970	CCD

write_chembl_map:EMD-7981	ZN	CHEMBL1236970	CCD

write_chembl_map:EMD-0669	ADP	CHEMBL14830	CCD

write_chembl_map:EMD-3542	GTP	CHEMBL1233147	CCD

write_chembl_map:EMD-8959	D10	CHEMBL134537	CCD

write_chembl_map:EMD-0669	ATP	CHEMBL14249	CCD

write_chembl_map:EMD-8959	HEX	CHEMBL15939	CCD

write_chebi_map:EMD-3061	PC1	83718	CCD

write_chebi_map:EMD-7981	ZN	29105	CCD

write_chebi_map:EMD-8959	CA	29108	CCD

write_chebi_map:EMD-0669	ATP	15422	CCD

write_chebi_map:EMD-0669	ADP	16761	CCD

write_chebi_map:EMD-3542	ZN	29105	CCD

write_chebi_map:EMD-7981	I3P	16595	CCD

write_chebi_map:EMD-3061	NAG	28009	CCD

write_chebi_map:EMD-8959	D12	28817	CCD

write_chebi_map:EMD-0669	MG	18420	CCD

write_chebi_map:EMD-3542	MG	18420	CCD

write_chebi_map:EMD-3542	GTP	15996	CCD

write_chebi_map:EMD-8959	8K6	32926	CCD

write_chebi_map:EMD-8959	D10	41808	CCD

write_chebi_map:EMD-8959	HEX	29021	CCD

write_drugbank_map:EMD-3542	GTP	DB04137	CCD

write_drugbank_map:EMD-3542	MG	DB01378	CCD

write_drugbank_map:EMD-0669	ATP	DB00171	CCD

write_drugbank_map:EMD-0669	MG	DB01378	CCD

write_drugbank_map:EMD-8959	CA	DB14577	CCD

write_drugbank_map:EMD-3542	ZN	DB14532	CCD

write_drugbank_map:EMD-7981	ZN	DB14532	CCD

write_drugbank_map:EMD-7981	I3P	DB03401	CCD

external_mapping_from_cif:('EMD-3542', 'K', 'DB01345', 'CCD')
external_mapping_from_cif:('EMD-3542', 'K', '29103', 'CCD')
write_chembl_map:EMD-3061	NAG	CHEMBL447878	CCD

write_chembl_map:EMD-7981	I3P	CHEMBL279107	CCD

write_chembl_map:EMD-8959	D12	CHEMBL30959	CCD

write_chembl_map:EMD-3542	ZN	CHEMBL1236970	CCD

write_chembl_map:EMD-7981	ZN	CHEMBL1236970	CCD

write_chembl_map:EMD-0669	ADP	CHEMBL14830	CCD

write_chembl_map:EMD-3542	GTP	CHEMBL1233147	CCD

write_chembl_map:EMD-8959	D10	CHEMBL134537	CCD

write_chembl_map:EMD-0669	ATP	CHEMBL14249	CCD

write_chembl_map:EMD-8959	HEX	CHEMBL15939	CCD

write_chebi_map:EMD-3542	K	29103	CCD

write_chebi_map:EMD-3061	PC1	83718	CCD

write_chebi_map:EMD-7981	ZN	29105	CCD

write_chebi_map:EMD-8959	CA	29108	CCD

write_chebi_map:EMD-0669	ATP	15422	CCD

write_chebi_map:EMD-0669	ADP	16761	CCD

write_chebi_map:EMD-3542	ZN	29105	CCD

write_chebi_map:EMD-7981	I3P	16595	CCD

write_chebi_map:EMD-3061	NAG	28009	CCD

write_chebi_map:EMD-8959	D12	28817	CCD

write_chebi_map:EMD-0669	MG	18420	CCD

write_chebi_map:EMD-3542	MG	18420	CCD

write_chebi_map:EMD-3542	GTP	15996	CCD

write_chebi_map:EMD-8959	8K6	32926	CCD

write_chebi_map:EMD-8959	D10	41808	CCD

write_chebi_map:EMD-8959	HEX	29021	CCD

write_drugbank_map:EMD-3542	GTP	DB04137	CCD

write_drugbank_map:EMD-3542	MG	DB01378	CCD

write_drugbank_map:EMD-0669	ATP	DB00171	CCD

write_drugbank_map:EMD-0669	MG	DB01378	CCD

write_drugbank_map:EMD-3542	K	DB01345	CCD

write_drugbank_map:EMD-8959	CA	DB14577	CCD

write_drugbank_map:EMD-3542	ZN	DB14532	CCD

write_drugbank_map:EMD-7981	ZN	DB14532	CCD

write_drugbank_map:EMD-7981	I3P	DB03401	CCD

external_mapping_from_cif:('EMD-3542', 'IHP', 'CHEMBL1233511', 'CCD')
external_mapping_from_cif:('EMD-3542', 'IHP', 'DB14981', 'CCD')
external_mapping_from_cif:('EMD-3542', 'IHP', '17401', 'CCD')
write_chembl_map:EMD-3061	NAG	CHEMBL447878	CCD

write_chembl_map:EMD-7981	I3P	CHEMBL279107	CCD

write_chembl_map:EMD-8959	D12	CHEMBL30959	CCD

write_chembl_map:EMD-3542	ZN	CHEMBL1236970	CCD

write_chembl_map:EMD-3542	IHP	CHEMBL1233511	CCD

write_chembl_map:EMD-7981	ZN	CHEMBL1236970	CCD

write_chembl_map:EMD-0669	ADP	CHEMBL14830	CCD

write_chembl_map:EMD-3542	GTP	CHEMBL1233147	CCD

write_chembl_map:EMD-8959	D10	CHEMBL134537	CCD

write_chembl_map:EMD-0669	ATP	CHEMBL14249	CCD

write_chembl_map:EMD-8959	HEX	CHEMBL15939	CCD

write_chebi_map:EMD-3542	K	29103	CCD

write_chebi_map:EMD-3542	IHP	17401	CCD

write_chebi_map:EMD-3061	PC1	83718	CCD

write_chebi_map:EMD-7981	ZN	29105	CCD

write_chebi_map:EMD-8959	CA	29108	CCD

write_chebi_map:EMD-0669	ATP	15422	CCD

write_chebi_map:EMD-0669	ADP	16761	CCD

write_chebi_map:EMD-3542	ZN	29105	CCD

write_chebi_map:EMD-7981	I3P	16595	CCD

write_chebi_map:EMD-3061	NAG	28009	CCD

write_chebi_map:EMD-8959	D12	28817	CCD

write_chebi_map:EMD-0669	MG	18420	CCD

write_chebi_map:EMD-3542	MG	18420	CCD

write_chebi_map:EMD-3542	GTP	15996	CCD

write_chebi_map:EMD-8959	8K6	32926	CCD

write_chebi_map:EMD-8959	D10	41808	CCD

write_chebi_map:EMD-8959	HEX	29021	CCD

write_drugbank_map:EMD-3542	GTP	DB04137	CCD

write_drugbank_map:EMD-3542	MG	DB01378	CCD

write_drugbank_map:EMD-0669	ATP	DB00171	CCD

write_drugbank_map:EMD-0669	MG	DB01378	CCD

write_drugbank_map:EMD-3542	K	DB01345	CCD

write_drugbank_map:EMD-8959	CA	DB14577	CCD

write_drugbank_map:EMD-3542	ZN	DB14532	CCD

write_drugbank_map:EMD-3542	IHP	DB14981	CCD

write_drugbank_map:EMD-7981	ZN	DB14532	CCD

write_drugbank_map:EMD-7981	I3P	DB03401	CCD

extracting_IDs:6PH
extracting_IDs:HEM
extracting_IDs:8PE
extracting_IDs:CN5
extracting_IDs:UQ6
extracting_IDs:7PH
extracting_IDs:FES
extracting_IDs:PCF
extracting_IDs:9PE
extracting_IDs:CN3
extracting_IDs:CU
extracting_IDs:HEA
extracting_IDs:CUA
external_mapping_from_cif:('EMD-0004', 'FES', '33739', 'CCD')
write_chembl_map:EMD-3061	NAG	CHEMBL447878	CCD

write_chembl_map:EMD-7981	I3P	CHEMBL279107	CCD

write_chembl_map:EMD-8959	D12	CHEMBL30959	CCD

write_chembl_map:EMD-3542	ZN	CHEMBL1236970	CCD

write_chembl_map:EMD-3542	IHP	CHEMBL1233511	CCD

write_chembl_map:EMD-7981	ZN	CHEMBL1236970	CCD

write_chembl_map:EMD-0669	ADP	CHEMBL14830	CCD

write_chembl_map:EMD-3542	GTP	CHEMBL1233147	CCD

write_chembl_map:EMD-8959	D10	CHEMBL134537	CCD

write_chembl_map:EMD-0669	ATP	CHEMBL14249	CCD

write_chembl_map:EMD-8959	HEX	CHEMBL15939	CCD

write_chebi_map:EMD-3542	K	29103	CCD

write_chebi_map:EMD-3542	IHP	17401	CCD

write_chebi_map:EMD-3061	PC1	83718	CCD

write_chebi_map:EMD-7981	ZN	29105	CCD

write_chebi_map:EMD-8959	CA	29108	CCD

write_chebi_map:EMD-0669	ATP	15422	CCD

write_chebi_map:EMD-0669	ADP	16761	CCD

write_chebi_map:EMD-3542	ZN	29105	CCD

write_chebi_map:EMD-7981	I3P	16595	CCD

write_chebi_map:EMD-3061	NAG	28009	CCD

write_chebi_map:EMD-8959	D12	28817	CCD

write_chebi_map:EMD-0669	MG	18420	CCD

write_chebi_map:EMD-3542	MG	18420	CCD

write_chebi_map:EMD-0004	FES	33739	CCD

write_chebi_map:EMD-3542	GTP	15996	CCD

write_chebi_map:EMD-8959	8K6	32926	CCD

write_chebi_map:EMD-8959	D10	41808	CCD

write_chebi_map:EMD-8959	HEX	29021	CCD

write_drugbank_map:EMD-3542	GTP	DB04137	CCD

write_drugbank_map:EMD-3542	MG	DB01378	CCD

write_drugbank_map:EMD-0669	ATP	DB00171	CCD

write_drugbank_map:EMD-0669	MG	DB01378	CCD

write_drugbank_map:EMD-3542	K	DB01345	CCD

write_drugbank_map:EMD-8959	CA	DB14577	CCD

write_drugbank_map:EMD-3542	ZN	DB14532	CCD

write_drugbank_map:EMD-3542	IHP	DB14981	CCD

write_drugbank_map:EMD-7981	ZN	DB14532	CCD

write_drugbank_map:EMD-7981	I3P	DB03401	CCD

external_mapping_from_cif:('EMD-0004', 'HEM', '17627', 'CCD')
external_mapping_from_cif:('EMD-0004', 'HEM', '26355', 'CCD')
write_chembl_map:EMD-3061	NAG	CHEMBL447878	CCD

write_chembl_map:EMD-7981	I3P	CHEMBL279107	CCD

write_chembl_map:EMD-8959	D12	CHEMBL30959	CCD

write_chembl_map:EMD-3542	ZN	CHEMBL1236970	CCD

write_chembl_map:EMD-3542	IHP	CHEMBL1233511	CCD

write_chembl_map:EMD-7981	ZN	CHEMBL1236970	CCD

write_chembl_map:EMD-0669	ADP	CHEMBL14830	CCD

write_chembl_map:EMD-3542	GTP	CHEMBL1233147	CCD

write_chembl_map:EMD-8959	D10	CHEMBL134537	CCD

write_chembl_map:EMD-0669	ATP	CHEMBL14249	CCD

write_chembl_map:EMD-8959	HEX	CHEMBL15939	CCD

write_chebi_map:EMD-3542	IHP	17401	CCD

write_chebi_map:EMD-0669	ATP	15422	CCD

write_chebi_map:EMD-0669	ADP	16761	CCD

write_chebi_map:EMD-3542	ZN	29105	CCD

write_chebi_map:EMD-3061	PC1	83718	CCD

write_chebi_map:EMD-8959	CA	29108	CCD

write_chebi_map:EMD-8959	D12	28817	CCD

write_chebi_map:EMD-3542	GTP	15996	CCD

write_chebi_map:EMD-0004	HEM	17627	CCD

write_chebi_map:EMD-7981	ZN	29105	CCD

write_chebi_map:EMD-0004	FES	33739	CCD

write_chebi_map:EMD-3542	MG	18420	CCD

write_chebi_map:EMD-8959	8K6	32926	CCD

write_chebi_map:EMD-7981	I3P	16595	CCD

write_chebi_map:EMD-3542	K	29103	CCD

write_chebi_map:EMD-3061	NAG	28009	CCD

write_chebi_map:EMD-0669	MG	18420	CCD

write_chebi_map:EMD-0004	HEM	26355	CCD

write_chebi_map:EMD-8959	D10	41808	CCD

write_chebi_map:EMD-8959	HEX	29021	CCD

write_drugbank_map:EMD-3542	GTP	DB04137	CCD

write_drugbank_map:EMD-3542	MG	DB01378	CCD

write_drugbank_map:EMD-0669	ATP	DB00171	CCD

write_drugbank_map:EMD-0669	MG	DB01378	CCD

write_drugbank_map:EMD-3542	K	DB01345	CCD

write_drugbank_map:EMD-8959	CA	DB14577	CCD

write_drugbank_map:EMD-3542	ZN	DB14532	CCD

write_drugbank_map:EMD-3542	IHP	DB14981	CCD

write_drugbank_map:EMD-7981	ZN	DB14532	CCD

write_drugbank_map:EMD-7981	I3P	DB03401	CCD

write_chembl_map:EMD-3061	NAG	CHEMBL447878	CCD

write_chembl_map:EMD-7981	I3P	CHEMBL279107	CCD

write_chembl_map:EMD-8959	D12	CHEMBL30959	CCD

write_chembl_map:EMD-3542	ZN	CHEMBL1236970	CCD

write_chembl_map:EMD-3542	IHP	CHEMBL1233511	CCD

write_chembl_map:EMD-7981	ZN	CHEMBL1236970	CCD

write_chembl_map:EMD-0669	ADP	CHEMBL14830	CCD

write_chembl_map:EMD-3542	GTP	CHEMBL1233147	CCD

write_chembl_map:EMD-8959	D10	CHEMBL134537	CCD

write_chembl_map:EMD-0669	ATP	CHEMBL14249	CCD

write_chembl_map:EMD-8959	HEX	CHEMBL15939	CCD

write_chebi_map:EMD-3542	IHP	17401	CCD

write_chebi_map:EMD-0669	ATP	15422	CCD

write_chebi_map:EMD-0669	ADP	16761	CCD

write_chebi_map:EMD-3542	ZN	29105	CCD

write_chebi_map:EMD-3061	PC1	83718	CCD

write_chebi_map:EMD-8959	CA	29108	CCD

write_chebi_map:EMD-8959	D12	28817	CCD

write_chebi_map:EMD-3542	GTP	15996	CCD

write_chebi_map:EMD-0004	HEM	17627	CCD

write_chebi_map:EMD-7981	ZN	29105	CCD

write_chebi_map:EMD-0004	FES	33739	CCD

write_chebi_map:EMD-3542	MG	18420	CCD

write_chebi_map:EMD-8959	8K6	32926	CCD

write_chebi_map:EMD-7981	I3P	16595	CCD

write_chebi_map:EMD-3542	K	29103	CCD

write_chebi_map:EMD-3061	NAG	28009	CCD

write_chebi_map:EMD-0669	MG	18420	CCD

write_chebi_map:EMD-0004	HEM	26355	CCD

write_chebi_map:EMD-8959	D10	41808	CCD

write_chebi_map:EMD-8959	HEX	29021	CCD

write_drugbank_map:EMD-3542	GTP	DB04137	CCD

write_drugbank_map:EMD-3542	MG	DB01378	CCD

write_drugbank_map:EMD-0669	ATP	DB00171	CCD

write_drugbank_map:EMD-0669	MG	DB01378	CCD

write_drugbank_map:EMD-3542	K	DB01345	CCD

write_drugbank_map:EMD-8959	CA	DB14577	CCD

write_drugbank_map:EMD-3542	ZN	DB14532	CCD

write_drugbank_map:EMD-3542	IHP	DB14981	CCD

write_drugbank_map:EMD-7981	ZN	DB14532	CCD

write_drugbank_map:EMD-7981	I3P	DB03401	CCD

external_mapping_from_cif:('EMD-0004', 'CU', 'DB14552', 'CCD')
external_mapping_from_cif:('EMD-0004', 'CU', '29036', 'CCD')
write_chembl_map:EMD-3061	NAG	CHEMBL447878	CCD

write_chembl_map:EMD-7981	I3P	CHEMBL279107	CCD

write_chembl_map:EMD-8959	D12	CHEMBL30959	CCD

write_chembl_map:EMD-3542	ZN	CHEMBL1236970	CCD

write_chembl_map:EMD-3542	IHP	CHEMBL1233511	CCD

write_chembl_map:EMD-7981	ZN	CHEMBL1236970	CCD

write_chembl_map:EMD-0669	ADP	CHEMBL14830	CCD

write_chembl_map:EMD-3542	GTP	CHEMBL1233147	CCD

write_chembl_map:EMD-8959	D10	CHEMBL134537	CCD

write_chembl_map:EMD-0669	ATP	CHEMBL14249	CCD

write_chembl_map:EMD-8959	HEX	CHEMBL15939	CCD

write_chebi_map:EMD-0004	CU	29036	CCD

write_chebi_map:EMD-3542	IHP	17401	CCD

write_chebi_map:EMD-0669	ATP	15422	CCD

write_chebi_map:EMD-0669	ADP	16761	CCD

write_chebi_map:EMD-3542	ZN	29105	CCD

write_chebi_map:EMD-3061	PC1	83718	CCD

write_chebi_map:EMD-8959	CA	29108	CCD

write_chebi_map:EMD-8959	D12	28817	CCD

write_chebi_map:EMD-3542	GTP	15996	CCD

write_chebi_map:EMD-0004	HEM	17627	CCD

write_chebi_map:EMD-7981	ZN	29105	CCD

write_chebi_map:EMD-0004	FES	33739	CCD

write_chebi_map:EMD-3542	MG	18420	CCD

write_chebi_map:EMD-8959	8K6	32926	CCD

write_chebi_map:EMD-7981	I3P	16595	CCD

write_chebi_map:EMD-3542	K	29103	CCD

write_chebi_map:EMD-3061	NAG	28009	CCD

write_chebi_map:EMD-0669	MG	18420	CCD

write_chebi_map:EMD-0004	HEM	26355	CCD

write_chebi_map:EMD-8959	D10	41808	CCD

write_chebi_map:EMD-8959	HEX	29021	CCD

write_drugbank_map:EMD-3542	GTP	DB04137	CCD

write_drugbank_map:EMD-3542	MG	DB01378	CCD

write_drugbank_map:EMD-0669	ATP	DB00171	CCD

write_drugbank_map:EMD-0669	MG	DB01378	CCD

write_drugbank_map:EMD-3542	K	DB01345	CCD

write_drugbank_map:EMD-8959	CA	DB14577	CCD

write_drugbank_map:EMD-3542	ZN	DB14532	CCD

write_drugbank_map:EMD-0004	CU	DB14552	CCD

write_drugbank_map:EMD-3542	IHP	DB14981	CCD

write_drugbank_map:EMD-7981	ZN	DB14532	CCD

write_drugbank_map:EMD-7981	I3P	DB03401	CCD

external_mapping_from_cif:('EMD-0004', 'HEA', '36163', 'CCD')
write_chembl_map:EMD-3061	NAG	CHEMBL447878	CCD

write_chembl_map:EMD-7981	I3P	CHEMBL279107	CCD

write_chembl_map:EMD-8959	D12	CHEMBL30959	CCD

write_chembl_map:EMD-3542	ZN	CHEMBL1236970	CCD

write_chembl_map:EMD-3542	IHP	CHEMBL1233511	CCD

write_chembl_map:EMD-7981	ZN	CHEMBL1236970	CCD

write_chembl_map:EMD-0669	ADP	CHEMBL14830	CCD

write_chembl_map:EMD-3542	GTP	CHEMBL1233147	CCD

write_chembl_map:EMD-8959	D10	CHEMBL134537	CCD

write_chembl_map:EMD-0669	ATP	CHEMBL14249	CCD

write_chembl_map:EMD-8959	HEX	CHEMBL15939	CCD

write_chebi_map:EMD-0004	CU	29036	CCD

write_chebi_map:EMD-3542	IHP	17401	CCD

write_chebi_map:EMD-0669	ATP	15422	CCD

write_chebi_map:EMD-0669	ADP	16761	CCD

write_chebi_map:EMD-3542	ZN	29105	CCD

write_chebi_map:EMD-0004	HEA	36163	CCD

write_chebi_map:EMD-3061	PC1	83718	CCD

write_chebi_map:EMD-8959	CA	29108	CCD

write_chebi_map:EMD-8959	D12	28817	CCD

write_chebi_map:EMD-3542	GTP	15996	CCD

write_chebi_map:EMD-0004	HEM	17627	CCD

write_chebi_map:EMD-7981	ZN	29105	CCD

write_chebi_map:EMD-0004	FES	33739	CCD

write_chebi_map:EMD-3542	MG	18420	CCD

write_chebi_map:EMD-8959	8K6	32926	CCD

write_chebi_map:EMD-7981	I3P	16595	CCD

write_chebi_map:EMD-3542	K	29103	CCD

write_chebi_map:EMD-3061	NAG	28009	CCD

write_chebi_map:EMD-0669	MG	18420	CCD

write_chebi_map:EMD-0004	HEM	26355	CCD

write_chebi_map:EMD-8959	D10	41808	CCD

write_chebi_map:EMD-8959	HEX	29021	CCD

write_drugbank_map:EMD-3542	GTP	DB04137	CCD

write_drugbank_map:EMD-3542	MG	DB01378	CCD

write_drugbank_map:EMD-0669	ATP	DB00171	CCD

write_drugbank_map:EMD-0669	MG	DB01378	CCD

write_drugbank_map:EMD-3542	K	DB01345	CCD

write_drugbank_map:EMD-8959	CA	DB14577	CCD

write_drugbank_map:EMD-3542	ZN	DB14532	CCD

write_drugbank_map:EMD-0004	CU	DB14552	CCD

write_drugbank_map:EMD-3542	IHP	DB14981	CCD

write_drugbank_map:EMD-7981	ZN	DB14532	CCD

write_drugbank_map:EMD-7981	I3P	DB03401	CCD

external_mapping_from_cif:('EMD-0004', 'PCF', 'CHEMBL1200737', 'CCD')
external_mapping_from_cif:('EMD-0004', 'PCF', 'DB09114', 'CCD')
external_mapping_from_cif:('EMD-0004', 'PCF', '72999', 'CCD')
write_chembl_map:EMD-3061	NAG	CHEMBL447878	CCD

write_chembl_map:EMD-7981	I3P	CHEMBL279107	CCD

write_chembl_map:EMD-8959	D12	CHEMBL30959	CCD

write_chembl_map:EMD-3542	ZN	CHEMBL1236970	CCD

write_chembl_map:EMD-3542	IHP	CHEMBL1233511	CCD

write_chembl_map:EMD-0004	PCF	CHEMBL1200737	CCD

write_chembl_map:EMD-7981	ZN	CHEMBL1236970	CCD

write_chembl_map:EMD-0669	ADP	CHEMBL14830	CCD

write_chembl_map:EMD-3542	GTP	CHEMBL1233147	CCD

write_chembl_map:EMD-8959	D10	CHEMBL134537	CCD

write_chembl_map:EMD-0669	ATP	CHEMBL14249	CCD

write_chembl_map:EMD-8959	HEX	CHEMBL15939	CCD

write_chebi_map:EMD-0004	CU	29036	CCD

write_chebi_map:EMD-3542	IHP	17401	CCD

write_chebi_map:EMD-0669	ATP	15422	CCD

write_chebi_map:EMD-0669	ADP	16761	CCD

write_chebi_map:EMD-3542	ZN	29105	CCD

write_chebi_map:EMD-0004	PCF	72999	CCD

write_chebi_map:EMD-0004	HEA	36163	CCD

write_chebi_map:EMD-3061	PC1	83718	CCD

write_chebi_map:EMD-8959	CA	29108	CCD

write_chebi_map:EMD-8959	D12	28817	CCD

write_chebi_map:EMD-3542	GTP	15996	CCD

write_chebi_map:EMD-0004	HEM	17627	CCD

write_chebi_map:EMD-7981	ZN	29105	CCD

write_chebi_map:EMD-0004	FES	33739	CCD

write_chebi_map:EMD-3542	MG	18420	CCD

write_chebi_map:EMD-8959	8K6	32926	CCD

write_chebi_map:EMD-7981	I3P	16595	CCD

write_chebi_map:EMD-3542	K	29103	CCD

write_chebi_map:EMD-3061	NAG	28009	CCD

write_chebi_map:EMD-0669	MG	18420	CCD

write_chebi_map:EMD-0004	HEM	26355	CCD

write_chebi_map:EMD-8959	D10	41808	CCD

write_chebi_map:EMD-8959	HEX	29021	CCD

write_drugbank_map:EMD-3542	GTP	DB04137	CCD

write_drugbank_map:EMD-3542	MG	DB01378	CCD

write_drugbank_map:EMD-0669	ATP	DB00171	CCD

write_drugbank_map:EMD-0669	MG	DB01378	CCD

write_drugbank_map:EMD-3542	K	DB01345	CCD

write_drugbank_map:EMD-8959	CA	DB14577	CCD

write_drugbank_map:EMD-3542	ZN	DB14532	CCD

write_drugbank_map:EMD-0004	CU	DB14552	CCD

write_drugbank_map:EMD-0004	PCF	DB09114	CCD

write_drugbank_map:EMD-3542	IHP	DB14981	CCD

write_drugbank_map:EMD-7981	ZN	DB14532	CCD

write_drugbank_map:EMD-7981	I3P	DB03401	CCD

write_chembl_map:EMD-3061	NAG	CHEMBL447878	CCD

write_chembl_map:EMD-7981	I3P	CHEMBL279107	CCD

write_chembl_map:EMD-8959	D12	CHEMBL30959	CCD

write_chembl_map:EMD-3542	ZN	CHEMBL1236970	CCD

write_chembl_map:EMD-3542	IHP	CHEMBL1233511	CCD

write_chembl_map:EMD-0004	PCF	CHEMBL1200737	CCD

write_chembl_map:EMD-7981	ZN	CHEMBL1236970	CCD

write_chembl_map:EMD-0669	ADP	CHEMBL14830	CCD

write_chembl_map:EMD-3542	GTP	CHEMBL1233147	CCD

write_chembl_map:EMD-8959	D10	CHEMBL134537	CCD

write_chembl_map:EMD-0669	ATP	CHEMBL14249	CCD

write_chembl_map:EMD-8959	HEX	CHEMBL15939	CCD

write_chebi_map:EMD-0004	CU	29036	CCD

write_chebi_map:EMD-3542	IHP	17401	CCD

write_chebi_map:EMD-0669	ATP	15422	CCD

write_chebi_map:EMD-0669	ADP	16761	CCD

write_chebi_map:EMD-3542	ZN	29105	CCD

write_chebi_map:EMD-0004	PCF	72999	CCD

write_chebi_map:EMD-0004	HEA	36163	CCD

write_chebi_map:EMD-3061	PC1	83718	CCD

write_chebi_map:EMD-8959	CA	29108	CCD

write_chebi_map:EMD-8959	D12	28817	CCD

write_chebi_map:EMD-3542	GTP	15996	CCD

write_chebi_map:EMD-0004	HEM	17627	CCD

write_chebi_map:EMD-7981	ZN	29105	CCD

write_chebi_map:EMD-0004	FES	33739	CCD

write_chebi_map:EMD-3542	MG	18420	CCD

write_chebi_map:EMD-8959	8K6	32926	CCD

write_chebi_map:EMD-7981	I3P	16595	CCD

write_chebi_map:EMD-3542	K	29103	CCD

write_chebi_map:EMD-3061	NAG	28009	CCD

write_chebi_map:EMD-0669	MG	18420	CCD

write_chebi_map:EMD-0004	HEM	26355	CCD

write_chebi_map:EMD-8959	D10	41808	CCD

write_chebi_map:EMD-8959	HEX	29021	CCD

write_drugbank_map:EMD-3542	GTP	DB04137	CCD

write_drugbank_map:EMD-3542	MG	DB01378	CCD

write_drugbank_map:EMD-0669	ATP	DB00171	CCD

write_drugbank_map:EMD-0669	MG	DB01378	CCD

write_drugbank_map:EMD-3542	K	DB01345	CCD

write_drugbank_map:EMD-8959	CA	DB14577	CCD

write_drugbank_map:EMD-3542	ZN	DB14532	CCD

write_drugbank_map:EMD-0004	CU	DB14552	CCD

write_drugbank_map:EMD-0004	PCF	DB09114	CCD

write_drugbank_map:EMD-3542	IHP	DB14981	CCD

write_drugbank_map:EMD-7981	ZN	DB14532	CCD

write_drugbank_map:EMD-7981	I3P	DB03401	CCD

write_chembl_map:EMD-3061	NAG	CHEMBL447878	CCD

write_chembl_map:EMD-7981	I3P	CHEMBL279107	CCD

write_chembl_map:EMD-8959	D12	CHEMBL30959	CCD

write_chembl_map:EMD-3542	ZN	CHEMBL1236970	CCD

write_chembl_map:EMD-3542	IHP	CHEMBL1233511	CCD

write_chembl_map:EMD-0004	PCF	CHEMBL1200737	CCD

write_chembl_map:EMD-7981	ZN	CHEMBL1236970	CCD

write_chembl_map:EMD-0669	ADP	CHEMBL14830	CCD

write_chembl_map:EMD-3542	GTP	CHEMBL1233147	CCD

write_chembl_map:EMD-8959	D10	CHEMBL134537	CCD

write_chembl_map:EMD-0669	ATP	CHEMBL14249	CCD

write_chembl_map:EMD-8959	HEX	CHEMBL15939	CCD

write_chebi_map:EMD-0004	CU	29036	CCD

write_chebi_map:EMD-3542	IHP	17401	CCD

write_chebi_map:EMD-0669	ATP	15422	CCD

write_chebi_map:EMD-0669	ADP	16761	CCD

write_chebi_map:EMD-3542	ZN	29105	CCD

write_chebi_map:EMD-0004	PCF	72999	CCD

write_chebi_map:EMD-0004	HEA	36163	CCD

write_chebi_map:EMD-3061	PC1	83718	CCD

write_chebi_map:EMD-8959	CA	29108	CCD

write_chebi_map:EMD-8959	D12	28817	CCD

write_chebi_map:EMD-3542	GTP	15996	CCD

write_chebi_map:EMD-0004	HEM	17627	CCD

write_chebi_map:EMD-7981	ZN	29105	CCD

write_chebi_map:EMD-0004	FES	33739	CCD

write_chebi_map:EMD-3542	MG	18420	CCD

write_chebi_map:EMD-8959	8K6	32926	CCD

write_chebi_map:EMD-7981	I3P	16595	CCD

write_chebi_map:EMD-3542	K	29103	CCD

write_chebi_map:EMD-3061	NAG	28009	CCD

write_chebi_map:EMD-0669	MG	18420	CCD

write_chebi_map:EMD-0004	HEM	26355	CCD

write_chebi_map:EMD-8959	D10	41808	CCD

write_chebi_map:EMD-8959	HEX	29021	CCD

write_drugbank_map:EMD-3542	GTP	DB04137	CCD

write_drugbank_map:EMD-3542	MG	DB01378	CCD

write_drugbank_map:EMD-0669	ATP	DB00171	CCD

write_drugbank_map:EMD-0669	MG	DB01378	CCD

write_drugbank_map:EMD-3542	K	DB01345	CCD

write_drugbank_map:EMD-8959	CA	DB14577	CCD

write_drugbank_map:EMD-3542	ZN	DB14532	CCD

write_drugbank_map:EMD-0004	CU	DB14552	CCD

write_drugbank_map:EMD-0004	PCF	DB09114	CCD

write_drugbank_map:EMD-3542	IHP	DB14981	CCD

write_drugbank_map:EMD-7981	ZN	DB14532	CCD

write_drugbank_map:EMD-7981	I3P	DB03401	CCD

write_chembl_map:EMD-3061	NAG	CHEMBL447878	CCD

write_chembl_map:EMD-7981	I3P	CHEMBL279107	CCD

write_chembl_map:EMD-8959	D12	CHEMBL30959	CCD

write_chembl_map:EMD-3542	ZN	CHEMBL1236970	CCD

write_chembl_map:EMD-3542	IHP	CHEMBL1233511	CCD

write_chembl_map:EMD-0004	PCF	CHEMBL1200737	CCD

write_chembl_map:EMD-7981	ZN	CHEMBL1236970	CCD

write_chembl_map:EMD-0669	ADP	CHEMBL14830	CCD

write_chembl_map:EMD-3542	GTP	CHEMBL1233147	CCD

write_chembl_map:EMD-8959	D10	CHEMBL134537	CCD

write_chembl_map:EMD-0669	ATP	CHEMBL14249	CCD

write_chembl_map:EMD-8959	HEX	CHEMBL15939	CCD

write_chebi_map:EMD-0004	CU	29036	CCD

write_chebi_map:EMD-3542	IHP	17401	CCD

write_chebi_map:EMD-0669	ATP	15422	CCD

write_chebi_map:EMD-0669	ADP	16761	CCD

write_chebi_map:EMD-3542	ZN	29105	CCD

write_chebi_map:EMD-0004	PCF	72999	CCD

write_chebi_map:EMD-0004	HEA	36163	CCD

write_chebi_map:EMD-3061	PC1	83718	CCD

write_chebi_map:EMD-8959	CA	29108	CCD

write_chebi_map:EMD-8959	D12	28817	CCD

write_chebi_map:EMD-3542	GTP	15996	CCD

write_chebi_map:EMD-0004	HEM	17627	CCD

write_chebi_map:EMD-7981	ZN	29105	CCD

write_chebi_map:EMD-0004	FES	33739	CCD

write_chebi_map:EMD-3542	MG	18420	CCD

write_chebi_map:EMD-8959	8K6	32926	CCD

write_chebi_map:EMD-7981	I3P	16595	CCD

write_chebi_map:EMD-3542	K	29103	CCD

write_chebi_map:EMD-3061	NAG	28009	CCD

write_chebi_map:EMD-0669	MG	18420	CCD

write_chebi_map:EMD-0004	HEM	26355	CCD

write_chebi_map:EMD-8959	D10	41808	CCD

write_chebi_map:EMD-8959	HEX	29021	CCD

write_drugbank_map:EMD-3542	GTP	DB04137	CCD

write_drugbank_map:EMD-3542	MG	DB01378	CCD

write_drugbank_map:EMD-0669	ATP	DB00171	CCD

write_drugbank_map:EMD-0669	MG	DB01378	CCD

write_drugbank_map:EMD-3542	K	DB01345	CCD

write_drugbank_map:EMD-8959	CA	DB14577	CCD

write_drugbank_map:EMD-3542	ZN	DB14532	CCD

write_drugbank_map:EMD-0004	CU	DB14552	CCD

write_drugbank_map:EMD-0004	PCF	DB09114	CCD

write_drugbank_map:EMD-3542	IHP	DB14981	CCD

write_drugbank_map:EMD-7981	ZN	DB14532	CCD

write_drugbank_map:EMD-7981	I3P	DB03401	CCD

write_chembl_map:EMD-3061	NAG	CHEMBL447878	CCD

write_chembl_map:EMD-7981	I3P	CHEMBL279107	CCD

write_chembl_map:EMD-8959	D12	CHEMBL30959	CCD

write_chembl_map:EMD-3542	ZN	CHEMBL1236970	CCD

write_chembl_map:EMD-3542	IHP	CHEMBL1233511	CCD

write_chembl_map:EMD-0004	PCF	CHEMBL1200737	CCD

write_chembl_map:EMD-7981	ZN	CHEMBL1236970	CCD

write_chembl_map:EMD-0669	ADP	CHEMBL14830	CCD

write_chembl_map:EMD-3542	GTP	CHEMBL1233147	CCD

write_chembl_map:EMD-8959	D10	CHEMBL134537	CCD

write_chembl_map:EMD-0669	ATP	CHEMBL14249	CCD

write_chembl_map:EMD-8959	HEX	CHEMBL15939	CCD

write_chebi_map:EMD-0004	CU	29036	CCD

write_chebi_map:EMD-3542	IHP	17401	CCD

write_chebi_map:EMD-0669	ATP	15422	CCD

write_chebi_map:EMD-0669	ADP	16761	CCD

write_chebi_map:EMD-3542	ZN	29105	CCD

write_chebi_map:EMD-0004	PCF	72999	CCD

write_chebi_map:EMD-0004	HEA	36163	CCD

write_chebi_map:EMD-3061	PC1	83718	CCD

write_chebi_map:EMD-8959	CA	29108	CCD

write_chebi_map:EMD-8959	D12	28817	CCD

write_chebi_map:EMD-3542	GTP	15996	CCD

write_chebi_map:EMD-0004	HEM	17627	CCD

write_chebi_map:EMD-7981	ZN	29105	CCD

write_chebi_map:EMD-0004	FES	33739	CCD

write_chebi_map:EMD-3542	MG	18420	CCD

write_chebi_map:EMD-8959	8K6	32926	CCD

write_chebi_map:EMD-7981	I3P	16595	CCD

write_chebi_map:EMD-3542	K	29103	CCD

write_chebi_map:EMD-3061	NAG	28009	CCD

write_chebi_map:EMD-0669	MG	18420	CCD

write_chebi_map:EMD-0004	HEM	26355	CCD

write_chebi_map:EMD-8959	D10	41808	CCD

write_chebi_map:EMD-8959	HEX	29021	CCD

write_drugbank_map:EMD-3542	GTP	DB04137	CCD

write_drugbank_map:EMD-3542	MG	DB01378	CCD

write_drugbank_map:EMD-0669	ATP	DB00171	CCD

write_drugbank_map:EMD-0669	MG	DB01378	CCD

write_drugbank_map:EMD-3542	K	DB01345	CCD

write_drugbank_map:EMD-8959	CA	DB14577	CCD

write_drugbank_map:EMD-3542	ZN	DB14532	CCD

write_drugbank_map:EMD-0004	CU	DB14552	CCD

write_drugbank_map:EMD-0004	PCF	DB09114	CCD

write_drugbank_map:EMD-3542	IHP	DB14981	CCD

write_drugbank_map:EMD-7981	ZN	DB14532	CCD

write_drugbank_map:EMD-7981	I3P	DB03401	CCD

write_chembl_map:EMD-3061	NAG	CHEMBL447878	CCD

write_chembl_map:EMD-7981	I3P	CHEMBL279107	CCD

write_chembl_map:EMD-8959	D12	CHEMBL30959	CCD

write_chembl_map:EMD-3542	ZN	CHEMBL1236970	CCD

write_chembl_map:EMD-3542	IHP	CHEMBL1233511	CCD

write_chembl_map:EMD-0004	PCF	CHEMBL1200737	CCD

write_chembl_map:EMD-7981	ZN	CHEMBL1236970	CCD

write_chembl_map:EMD-0669	ADP	CHEMBL14830	CCD

write_chembl_map:EMD-3542	GTP	CHEMBL1233147	CCD

write_chembl_map:EMD-8959	D10	CHEMBL134537	CCD

write_chembl_map:EMD-0669	ATP	CHEMBL14249	CCD

write_chembl_map:EMD-8959	HEX	CHEMBL15939	CCD

write_chebi_map:EMD-0004	CU	29036	CCD

write_chebi_map:EMD-3542	IHP	17401	CCD

write_chebi_map:EMD-0669	ATP	15422	CCD

write_chebi_map:EMD-0669	ADP	16761	CCD

write_chebi_map:EMD-3542	ZN	29105	CCD

write_chebi_map:EMD-0004	PCF	72999	CCD

write_chebi_map:EMD-0004	HEA	36163	CCD

write_chebi_map:EMD-3061	PC1	83718	CCD

write_chebi_map:EMD-8959	CA	29108	CCD

write_chebi_map:EMD-8959	D12	28817	CCD

write_chebi_map:EMD-3542	GTP	15996	CCD

write_chebi_map:EMD-0004	HEM	17627	CCD

write_chebi_map:EMD-7981	ZN	29105	CCD

write_chebi_map:EMD-0004	FES	33739	CCD

write_chebi_map:EMD-3542	MG	18420	CCD

write_chebi_map:EMD-8959	8K6	32926	CCD

write_chebi_map:EMD-7981	I3P	16595	CCD

write_chebi_map:EMD-3542	K	29103	CCD

write_chebi_map:EMD-3061	NAG	28009	CCD

write_chebi_map:EMD-0669	MG	18420	CCD

write_chebi_map:EMD-0004	HEM	26355	CCD

write_chebi_map:EMD-8959	D10	41808	CCD

write_chebi_map:EMD-8959	HEX	29021	CCD

write_drugbank_map:EMD-3542	GTP	DB04137	CCD

write_drugbank_map:EMD-3542	MG	DB01378	CCD

write_drugbank_map:EMD-0669	ATP	DB00171	CCD

write_drugbank_map:EMD-0669	MG	DB01378	CCD

write_drugbank_map:EMD-3542	K	DB01345	CCD

write_drugbank_map:EMD-8959	CA	DB14577	CCD

write_drugbank_map:EMD-3542	ZN	DB14532	CCD

write_drugbank_map:EMD-0004	CU	DB14552	CCD

write_drugbank_map:EMD-0004	PCF	DB09114	CCD

write_drugbank_map:EMD-3542	IHP	DB14981	CCD

write_drugbank_map:EMD-7981	ZN	DB14532	CCD

write_drugbank_map:EMD-7981	I3P	DB03401	CCD

write_chembl_map:EMD-3061	NAG	CHEMBL447878	CCD

write_chembl_map:EMD-7981	I3P	CHEMBL279107	CCD

write_chembl_map:EMD-8959	D12	CHEMBL30959	CCD

write_chembl_map:EMD-3542	ZN	CHEMBL1236970	CCD

write_chembl_map:EMD-3542	IHP	CHEMBL1233511	CCD

write_chembl_map:EMD-0004	PCF	CHEMBL1200737	CCD

write_chembl_map:EMD-7981	ZN	CHEMBL1236970	CCD

write_chembl_map:EMD-0669	ADP	CHEMBL14830	CCD

write_chembl_map:EMD-3542	GTP	CHEMBL1233147	CCD

write_chembl_map:EMD-8959	D10	CHEMBL134537	CCD

write_chembl_map:EMD-0669	ATP	CHEMBL14249	CCD

write_chembl_map:EMD-8959	HEX	CHEMBL15939	CCD

write_chebi_map:EMD-0004	CU	29036	CCD

write_chebi_map:EMD-3542	IHP	17401	CCD

write_chebi_map:EMD-0669	ATP	15422	CCD

write_chebi_map:EMD-0669	ADP	16761	CCD

write_chebi_map:EMD-3542	ZN	29105	CCD

write_chebi_map:EMD-0004	PCF	72999	CCD

write_chebi_map:EMD-0004	HEA	36163	CCD

write_chebi_map:EMD-3061	PC1	83718	CCD

write_chebi_map:EMD-8959	CA	29108	CCD

write_chebi_map:EMD-8959	D12	28817	CCD

write_chebi_map:EMD-3542	GTP	15996	CCD

write_chebi_map:EMD-0004	HEM	17627	CCD

write_chebi_map:EMD-7981	ZN	29105	CCD

write_chebi_map:EMD-0004	FES	33739	CCD

write_chebi_map:EMD-3542	MG	18420	CCD

write_chebi_map:EMD-8959	8K6	32926	CCD

write_chebi_map:EMD-7981	I3P	16595	CCD

write_chebi_map:EMD-3542	K	29103	CCD

write_chebi_map:EMD-3061	NAG	28009	CCD

write_chebi_map:EMD-0669	MG	18420	CCD

write_chebi_map:EMD-0004	HEM	26355	CCD

write_chebi_map:EMD-8959	D10	41808	CCD

write_chebi_map:EMD-8959	HEX	29021	CCD

write_drugbank_map:EMD-3542	GTP	DB04137	CCD

write_drugbank_map:EMD-3542	MG	DB01378	CCD

write_drugbank_map:EMD-0669	ATP	DB00171	CCD

write_drugbank_map:EMD-0669	MG	DB01378	CCD

write_drugbank_map:EMD-3542	K	DB01345	CCD

write_drugbank_map:EMD-8959	CA	DB14577	CCD

write_drugbank_map:EMD-3542	ZN	DB14532	CCD

write_drugbank_map:EMD-0004	CU	DB14552	CCD

write_drugbank_map:EMD-0004	PCF	DB09114	CCD

write_drugbank_map:EMD-3542	IHP	DB14981	CCD

write_drugbank_map:EMD-7981	ZN	DB14532	CCD

write_drugbank_map:EMD-7981	I3P	DB03401	CCD

write_chembl_map:EMD-3061	NAG	CHEMBL447878	CCD

write_chembl_map:EMD-7981	I3P	CHEMBL279107	CCD

write_chembl_map:EMD-8959	D12	CHEMBL30959	CCD

write_chembl_map:EMD-3542	ZN	CHEMBL1236970	CCD

write_chembl_map:EMD-3542	IHP	CHEMBL1233511	CCD

write_chembl_map:EMD-0004	PCF	CHEMBL1200737	CCD

write_chembl_map:EMD-7981	ZN	CHEMBL1236970	CCD

write_chembl_map:EMD-0669	ADP	CHEMBL14830	CCD

write_chembl_map:EMD-3542	GTP	CHEMBL1233147	CCD

write_chembl_map:EMD-8959	D10	CHEMBL134537	CCD

write_chembl_map:EMD-0669	ATP	CHEMBL14249	CCD

write_chembl_map:EMD-8959	HEX	CHEMBL15939	CCD

write_chebi_map:EMD-0004	CU	29036	CCD

write_chebi_map:EMD-3542	IHP	17401	CCD

write_chebi_map:EMD-0669	ATP	15422	CCD

write_chebi_map:EMD-0669	ADP	16761	CCD

write_chebi_map:EMD-3542	ZN	29105	CCD

write_chebi_map:EMD-0004	PCF	72999	CCD

write_chebi_map:EMD-0004	HEA	36163	CCD

write_chebi_map:EMD-3061	PC1	83718	CCD

write_chebi_map:EMD-8959	CA	29108	CCD

write_chebi_map:EMD-8959	D12	28817	CCD

write_chebi_map:EMD-3542	GTP	15996	CCD

write_chebi_map:EMD-0004	HEM	17627	CCD

write_chebi_map:EMD-7981	ZN	29105	CCD

write_chebi_map:EMD-0004	FES	33739	CCD

write_chebi_map:EMD-3542	MG	18420	CCD

write_chebi_map:EMD-8959	8K6	32926	CCD

write_chebi_map:EMD-7981	I3P	16595	CCD

write_chebi_map:EMD-3542	K	29103	CCD

write_chebi_map:EMD-3061	NAG	28009	CCD

write_chebi_map:EMD-0669	MG	18420	CCD

write_chebi_map:EMD-0004	HEM	26355	CCD

write_chebi_map:EMD-8959	D10	41808	CCD

write_chebi_map:EMD-8959	HEX	29021	CCD

write_drugbank_map:EMD-3542	GTP	DB04137	CCD

write_drugbank_map:EMD-3542	MG	DB01378	CCD

write_drugbank_map:EMD-0669	ATP	DB00171	CCD

write_drugbank_map:EMD-0669	MG	DB01378	CCD

write_drugbank_map:EMD-3542	K	DB01345	CCD

write_drugbank_map:EMD-8959	CA	DB14577	CCD

write_drugbank_map:EMD-3542	ZN	DB14532	CCD

write_drugbank_map:EMD-0004	CU	DB14552	CCD

write_drugbank_map:EMD-0004	PCF	DB09114	CCD

write_drugbank_map:EMD-3542	IHP	DB14981	CCD

write_drugbank_map:EMD-7981	ZN	DB14532	CCD

write_drugbank_map:EMD-7981	I3P	DB03401	CCD

external_mapping_from_cif:('EMD-6736', 'ATP', 'CHEMBL14249', 'CCD')
external_mapping_from_cif:('EMD-6736', 'ATP', 'DB00171', 'CCD')
external_mapping_from_cif:('EMD-6736', 'ATP', '15422', 'CCD')
write_chembl_map:EMD-3061	NAG	CHEMBL447878	CCD

write_chembl_map:EMD-7981	I3P	CHEMBL279107	CCD

write_chembl_map:EMD-8959	D12	CHEMBL30959	CCD

write_chembl_map:EMD-3542	ZN	CHEMBL1236970	CCD

write_chembl_map:EMD-3542	IHP	CHEMBL1233511	CCD

write_chembl_map:EMD-0004	PCF	CHEMBL1200737	CCD

write_chembl_map:EMD-7981	ZN	CHEMBL1236970	CCD

write_chembl_map:EMD-0669	ADP	CHEMBL14830	CCD

write_chembl_map:EMD-3542	GTP	CHEMBL1233147	CCD

write_chembl_map:EMD-8959	D10	CHEMBL134537	CCD

write_chembl_map:EMD-0669	ATP	CHEMBL14249	CCD

write_chembl_map:EMD-8959	HEX	CHEMBL15939	CCD

write_chembl_map:EMD-6736	ATP	CHEMBL14249	CCD

write_chebi_map:EMD-0004	CU	29036	CCD

write_chebi_map:EMD-3542	IHP	17401	CCD

write_chebi_map:EMD-0669	ATP	15422	CCD

write_chebi_map:EMD-0669	ADP	16761	CCD

write_chebi_map:EMD-3542	ZN	29105	CCD

write_chebi_map:EMD-0004	PCF	72999	CCD

write_chebi_map:EMD-0004	HEA	36163	CCD

write_chebi_map:EMD-3061	PC1	83718	CCD

write_chebi_map:EMD-8959	CA	29108	CCD

write_chebi_map:EMD-8959	D12	28817	CCD

write_chebi_map:EMD-3542	GTP	15996	CCD

write_chebi_map:EMD-6736	ATP	15422	CCD

write_chebi_map:EMD-0004	HEM	17627	CCD

write_chebi_map:EMD-7981	ZN	29105	CCD

write_chebi_map:EMD-0004	FES	33739	CCD

write_chebi_map:EMD-3542	MG	18420	CCD

write_chebi_map:EMD-8959	8K6	32926	CCD

write_chebi_map:EMD-7981	I3P	16595	CCD

write_chebi_map:EMD-3542	K	29103	CCD

write_chebi_map:EMD-3061	NAG	28009	CCD

write_chebi_map:EMD-0669	MG	18420	CCD

write_chebi_map:EMD-0004	HEM	26355	CCD

write_chebi_map:EMD-8959	D10	41808	CCD

write_chebi_map:EMD-8959	HEX	29021	CCD

write_drugbank_map:EMD-3542	GTP	DB04137	CCD

write_drugbank_map:EMD-3542	MG	DB01378	CCD

write_drugbank_map:EMD-0669	ATP	DB00171	CCD

write_drugbank_map:EMD-0669	MG	DB01378	CCD

write_drugbank_map:EMD-3542	K	DB01345	CCD

write_drugbank_map:EMD-8959	CA	DB14577	CCD

write_drugbank_map:EMD-3542	ZN	DB14532	CCD

write_drugbank_map:EMD-0004	CU	DB14552	CCD

write_drugbank_map:EMD-0004	PCF	DB09114	CCD

write_drugbank_map:EMD-6736	ATP	DB00171	CCD

write_drugbank_map:EMD-3542	IHP	DB14981	CCD

write_drugbank_map:EMD-7981	ZN	DB14532	CCD

write_drugbank_map:EMD-7981	I3P	DB03401	CCD

